TN:
SF:src/App.tsx
FN:14,App
FNF:1
FNH:0
FNDA:0,App
DA:15,0
LF:1
LH:0
BRF:0
BRH:0
end_of_record
TN:
SF:src/config.ts
FN:31,(anonymous_0)
FN:37,(anonymous_1)
FNF:2
FNH:2
FNDA:107,(anonymous_0)
FNDA:56,(anonymous_1)
DA:25,14
DA:31,14
DA:32,107
DA:33,9
DA:34,6
DA:37,14
DA:38,56
DA:40,14
LF:8
LH:8
BRDA:25,0,0,14
BRDA:25,0,1,0
BRDA:32,1,0,98
BRDA:32,1,1,9
BRDA:33,2,0,3
BRDA:33,2,1,6
BRDA:33,3,0,9
BRDA:33,3,1,7
BRDA:38,4,0,56
BRDA:38,4,1,51
BRDA:38,4,2,50
BRF:11
BRH:10
end_of_record
TN:
SF:src/api/client.ts
FN:18,(anonymous_0)
FN:25,(anonymous_1)
FN:29,(anonymous_2)
FN:31,(anonymous_3)
FN:52,(anonymous_4)
FNF:5
FNH:0
FNDA:0,(anonymous_0)
FNDA:0,(anonymous_1)
FNDA:0,(anonymous_2)
FNDA:0,(anonymous_3)
FNDA:0,(anonymous_4)
DA:9,6
DA:18,6
DA:20,0
DA:21,0
DA:23,0
DA:25,0
DA:29,6
DA:30,0
DA:33,0
DA:34,0
DA:35,0
DA:37,0
DA:38,0
DA:39,0
DA:43,0
DA:46,0
DA:47,0
DA:52,6
DA:53,0
LF:19
LH:4
BRDA:20,0,0,0
BRDA:20,0,1,0
BRDA:33,1,0,0
BRDA:33,1,1,0
BRDA:37,2,0,0
BRDA:37,2,1,0
BRF:6
BRH:0
end_of_record
TN:
SF:src/api/endpoints.ts
FN:19,(anonymous_0)
FN:33,(anonymous_1)
FN:42,(anonymous_2)
FN:50,(anonymous_3)
FN:62,(anonymous_4)
FN:69,(anonymous_5)
FN:80,(anonymous_6)
FN:91,(anonymous_7)
FN:106,(anonymous_8)
FN:113,(anonymous_9)
FN:121,(anonymous_10)
FN:129,(anonymous_11)
FN:140,(anonymous_12)
FN:152,(anonymous_13)
FN:162,(anonymous_14)
FNF:15
FNH:0
FNDA:0,(anonymous_0)
FNDA:0,(anonymous_1)
FNDA:0,(anonymous_2)
FNDA:0,(anonymous_3)
FNDA:0,(anonymous_4)
FNDA:0,(anonymous_5)
FNDA:0,(anonymous_6)
FNDA:0,(anonymous_7)
FNDA:0,(anonymous_8)
FNDA:0,(anonymous_9)
FNDA:0,(anonymous_10)
FNDA:0,(anonymous_11)
FNDA:0,(anonymous_12)
FNDA:0,(anonymous_13)
FNDA:0,(anonymous_14)
DA:19,6
DA:20,0
DA:21,0
DA:23,0
DA:28,0
DA:29,0
DA:33,6
DA:34,0
DA:35,0
DA:37,0
DA:38,0
DA:42,6
DA:43,0
DA:44,0
DA:47,0
DA:50,6
DA:51,0
DA:52,0
DA:54,0
DA:58,0
DA:59,0
DA:62,6
DA:63,0
DA:66,0
DA:69,6
DA:73,0
DA:77,0
DA:80,6
DA:81,0
DA:82,0
DA:84,0
DA:88,0
DA:91,6
DA:95,0
DA:96,0
DA:98,0
DA:102,0
DA:106,6
DA:107,0
DA:110,0
DA:113,6
DA:114,0
DA:115,0
DA:118,0
DA:121,6
DA:122,0
DA:123,0
DA:125,0
DA:126,0
DA:129,6
DA:130,0
DA:131,0
DA:133,0
DA:137,0
DA:140,6
DA:141,0
DA:142,0
DA:144,0
DA:148,0
DA:152,6
DA:153,0
DA:154,0
DA:156,0
DA:159,0
DA:162,6
DA:163,0
DA:169,0
LF:67
LH:15
BRDA:21,0,0,0
BRDA:21,0,1,0
BRDA:26,1,0,0
BRDA:26,1,1,0
BRDA:35,2,0,0
BRDA:35,2,1,0
BRDA:52,3,0,0
BRDA:52,3,1,0
BRDA:82,4,0,0
BRDA:82,4,1,0
BRDA:96,5,0,0
BRDA:96,5,1,0
BRDA:106,6,0,0
BRDA:123,7,0,0
BRDA:123,7,1,0
BRDA:131,8,0,0
BRDA:131,8,1,0
BRDA:142,9,0,0
BRDA:142,9,1,0
BRDA:154,10,0,0
BRDA:154,10,1,0
BRF:21
BRH:0
end_of_record
TN:
SF:src/auth/AuthContext.ts
FNF:0
FNH:0
DA:15,1
LF:1
LH:1
BRF:0
BRH:0
end_of_record
TN:
SF:src/auth/KeycloakProvider.tsx
FN:9,(anonymous_0)
FN:14,(anonymous_1)
FN:19,(anonymous_2)
FN:32,(anonymous_3)
FN:33,(anonymous_4)
FN:50,(anonymous_5)
FN:54,(anonymous_6)
FNF:7
FNH:3
FNDA:5,(anonymous_0)
FNDA:3,(anonymous_1)
FNDA:3,(anonymous_2)
FNDA:0,(anonymous_3)
FNDA:0,(anonymous_4)
FNDA:0,(anonymous_5)
FNDA:0,(anonymous_6)
DA:9,1
DA:10,5
DA:11,5
DA:12,5
DA:14,5
DA:16,3
DA:17,3
DA:19,3
DA:20,3
DA:21,3
DA:27,1
DA:30,1
DA:32,1
DA:33,0
DA:34,0
DA:35,0
DA:40,1
DA:41,1
DA:43,2
DA:47,3
DA:50,5
DA:51,0
DA:54,5
DA:55,0
DA:58,5
DA:69,5
LF:26
LH:21
BRDA:16,0,0,0
BRDA:16,0,1,3
BRDA:30,1,0,1
BRDA:30,1,1,0
BRF:4
BRH:2
end_of_record
TN:
SF:src/auth/ProtectedRoute.tsx
FN:9,(anonymous_0)
FNF:1
FNH:0
FNDA:0,(anonymous_0)
DA:9,0
DA:10,0
DA:12,0
DA:13,0
DA:34,0
DA:35,0
DA:53,0
LF:7
LH:0
BRDA:12,0,0,0
BRDA:12,0,1,0
BRDA:34,1,0,0
BRDA:34,1,1,0
BRF:4
BRH:0
end_of_record
TN:
SF:src/auth/index.ts
FNF:0
FNH:0
LF:0
LH:0
BRF:0
BRH:0
end_of_record
TN:
SF:src/auth/keycloak.ts
FNF:0
FNH:0
DA:5,6
DA:12,6
LF:2
LH:2
BRF:0
BRH:0
end_of_record
TN:
SF:src/auth/useAuth.ts
FN:4,(anonymous_0)
FNF:1
FNH:1
FNDA:5,(anonymous_0)
DA:4,1
DA:5,5
DA:7,5
DA:8,0
DA:11,5
LF:5
LH:4
BRDA:7,0,0,0
BRDA:7,0,1,5
BRF:2
BRH:1
end_of_record
TN:
SF:src/components/Layout.tsx
FN:29,(anonymous_0)
FN:40,(anonymous_1)
FN:47,(anonymous_2)
FN:76,(anonymous_3)
FNF:4
FNH:2
FNDA:256,(anonymous_0)
FNDA:250,(anonymous_1)
FNDA:0,(anonymous_2)
FNDA:0,(anonymous_3)
DA:29,6
DA:35,256
DA:36,256
DA:37,256
DA:40,256
DA:41,250
DA:42,0
DA:43,0
DA:44,0
DA:47,256
DA:48,0
DA:49,0
DA:50,0
DA:53,256
DA:76,0
LF:15
LH:8
BRDA:31,0,0,256
BRDA:32,1,0,256
BRDA:33,2,0,256
BRDA:41,3,0,250
BRDA:41,3,1,0
BRDA:42,4,0,0
BRDA:42,4,1,0
BRDA:43,5,0,0
BRDA:43,5,1,0
BRDA:48,6,0,0
BRDA:48,6,1,0
BRDA:49,7,0,0
BRDA:49,7,1,0
BRDA:50,8,0,0
BRDA:50,8,1,0
BRDA:73,9,0,206
BRDA:73,9,1,50
BRDA:113,10,0,6
BRDA:113,10,1,250
BRDA:120,11,0,256
BRDA:120,11,1,250
BRF:21
BRH:10
end_of_record
TN:
SF:src/components/LoadingButton.tsx
FN:9,(anonymous_0)
FNF:1
FNH:0
FNDA:0,(anonymous_0)
DA:9,0
DA:15,0
LF:2
LH:0
BRDA:10,0,0,0
BRDA:18,1,0,0
BRDA:18,1,1,0
BRDA:25,2,0,0
BRDA:25,2,1,0
BRF:5
BRH:0
end_of_record
TN:
SF:src/components/QuantitySelector.tsx
FN:14,(anonymous_0)
FN:21,(anonymous_1)
FN:27,(anonymous_2)
FNF:3
FNH:3
FNDA:45,(anonymous_0)
FNDA:1,(anonymous_1)
FNDA:1,(anonymous_2)
DA:14,2
DA:21,45
DA:22,1
DA:23,1
DA:27,45
DA:28,1
DA:29,1
DA:33,45
LF:8
LH:8
BRDA:17,0,0,45
BRDA:18,1,0,45
BRDA:19,2,0,45
BRDA:22,3,0,1
BRDA:22,3,1,0
BRDA:28,4,0,1
BRDA:28,4,1,0
BRDA:46,5,0,45
BRDA:46,5,1,44
BRDA:50,6,0,40
BRDA:50,6,1,5
BRDA:51,7,0,40
BRDA:51,7,1,5
BRDA:53,8,0,40
BRDA:53,8,1,5
BRDA:92,9,0,45
BRDA:92,9,1,44
BRDA:96,10,0,2
BRDA:96,10,1,43
BRDA:97,11,0,2
BRDA:97,11,1,43
BRDA:99,12,0,2
BRDA:99,12,1,43
BRF:23
BRH:21
end_of_record
TN:
SF:src/components/RecommendationButton.tsx
FN:70,(anonymous_0)
FN:171,(anonymous_1)
FNF:2
FNH:0
FNDA:0,(anonymous_0)
FNDA:0,(anonymous_1)
DA:19,0
DA:70,0
DA:71,0
DA:74,0
DA:75,0
DA:79,0
DA:82,0
DA:95,0
DA:99,0
DA:118,0
DA:122,0
DA:144,0
DA:148,0
DA:164,0
DA:168,0
DA:171,0
DA:179,0
LF:17
LH:0
BRDA:71,0,0,0
BRDA:71,0,1,0
BRDA:74,1,0,0
BRDA:74,1,1,0
BRDA:74,2,0,0
BRDA:74,2,1,0
BRDA:82,3,0,0
BRDA:82,3,1,0
BRDA:83,4,0,0
BRDA:83,4,1,0
BRDA:83,4,2,0
BRDA:83,4,3,0
BRDA:83,4,4,0
BRDA:83,4,5,0
BRDA:83,4,6,0
BRDA:83,4,7,0
BRDA:83,4,8,0
BRDA:83,4,9,0
BRDA:83,4,10,0
BRDA:99,5,0,0
BRDA:99,5,1,0
BRDA:100,6,0,0
BRDA:100,6,1,0
BRDA:100,6,2,0
BRDA:100,6,3,0
BRDA:100,6,4,0
BRDA:100,6,5,0
BRDA:100,6,6,0
BRDA:100,6,7,0
BRDA:100,6,8,0
BRDA:100,6,9,0
BRDA:100,6,10,0
BRDA:100,6,11,0
BRDA:100,6,12,0
BRDA:100,6,13,0
BRDA:100,6,14,0
BRDA:100,6,15,0
BRDA:100,6,16,0
BRDA:122,7,0,0
BRDA:122,7,1,0
BRDA:123,8,0,0
BRDA:123,8,1,0
BRDA:123,8,2,0
BRDA:123,8,3,0
BRDA:123,8,4,0
BRDA:123,8,5,0
BRDA:123,8,6,0
BRDA:123,8,7,0
BRDA:123,8,8,0
BRDA:123,8,9,0
BRDA:123,8,10,0
BRDA:123,8,11,0
BRDA:123,8,12,0
BRDA:123,8,13,0
BRDA:123,8,14,0
BRDA:123,8,15,0
BRDA:123,8,16,0
BRDA:123,8,17,0
BRDA:123,8,18,0
BRDA:123,8,19,0
BRDA:148,9,0,0
BRDA:148,9,1,0
BRDA:149,10,0,0
BRDA:149,10,1,0
BRDA:149,10,2,0
BRDA:149,10,3,0
BRDA:149,10,4,0
BRDA:149,10,5,0
BRDA:149,10,6,0
BRDA:149,10,7,0
BRDA:149,10,8,0
BRDA:149,10,9,0
BRDA:149,10,10,0
BRDA:149,10,11,0
BRDA:149,10,12,0
BRDA:149,10,13,0
BRDA:174,11,0,0
BRDA:175,12,0,0
BRDA:176,13,0,0
BRDA:184,14,0,0
BRDA:184,14,1,0
BRDA:185,15,0,0
BRDA:185,15,1,0
BRDA:187,16,0,0
BRDA:187,16,1,0
BRDA:190,17,0,0
BRDA:190,17,1,0
BRDA:191,18,0,0
BRDA:191,18,1,0
BRDA:197,19,0,0
BRDA:197,19,1,0
BRDA:208,20,0,0
BRDA:208,20,1,0
BRDA:213,21,0,0
BRDA:213,21,1,0
BRDA:229,22,0,0
BRDA:229,22,1,0
BRDA:232,23,0,0
BRDA:232,23,1,0
BRF:99
BRH:0
end_of_record
TN:
SF:src/hooks/useNavigation.ts
FN:5,(anonymous_0)
FN:8,(anonymous_1)
FN:16,(anonymous_2)
FN:24,(anonymous_3)
FN:28,(anonymous_4)
FN:32,(anonymous_5)
FN:36,(anonymous_6)
FN:44,(anonymous_7)
FN:48,(anonymous_8)
FN:56,(anonymous_9)
FNF:10
FNH:0
FNDA:0,(anonymous_0)
FNDA:0,(anonymous_1)
FNDA:0,(anonymous_2)
FNDA:0,(anonymous_3)
FNDA:0,(anonymous_4)
FNDA:0,(anonymous_5)
FNDA:0,(anonymous_6)
FNDA:0,(anonymous_7)
FNDA:0,(anonymous_8)
FNDA:0,(anonymous_9)
DA:5,6
DA:6,0
DA:8,0
DA:10,0
DA:11,0
DA:16,0
DA:18,0
DA:19,0
DA:24,0
DA:25,0
DA:28,0
DA:29,0
DA:32,0
DA:33,0
DA:36,0
DA:38,0
DA:39,0
DA:44,0
DA:45,0
DA:48,0
DA:50,0
DA:51,0
DA:56,0
DA:58,0
DA:59,0
DA:64,0
LF:26
LH:1
BRF:0
BRH:0
end_of_record
TN:
SF:src/hooks/useResponsiveTileCount.ts
FN:13,(anonymous_0)
FN:31,calculateTileConfig
FN:62,useResponsiveTileCount
FN:63,(anonymous_3)
FN:70,(anonymous_4)
FN:71,(anonymous_5)
FN:79,(anonymous_6)
FNF:7
FNH:0
FNDA:0,(anonymous_0)
FNDA:0,calculateTileConfig
FNDA:0,useResponsiveTileCount
FNDA:0,(anonymous_3)
FNDA:0,(anonymous_4)
FNDA:0,(anonymous_5)
FNDA:0,(anonymous_6)
DA:7,0
DA:13,0
DA:15,0
DA:32,0
DA:35,0
DA:43,0
DA:46,0
DA:49,0
DA:50,0
DA:52,0
DA:63,0
DA:64,0
DA:65,0
DA:67,0
DA:70,0
DA:71,0
DA:72,0
DA:76,0
DA:78,0
DA:79,0
DA:82,0
LF:21
LH:0
BRDA:64,0,0,0
BRDA:64,0,1,0
BRF:2
BRH:0
end_of_record
TN:
SF:src/pages/DetailedPage.tsx
FN:42,(anonymous_0)
FN:47,(anonymous_1)
FN:67,(anonymous_2)
FN:71,(anonymous_3)
FN:78,(anonymous_4)
FN:85,(anonymous_5)
FN:92,(anonymous_6)
FN:98,(anonymous_7)
FN:105,(anonymous_8)
FN:110,(anonymous_9)
FN:116,(anonymous_10)
FN:125,(anonymous_11)
FN:130,(anonymous_12)
FN:135,(anonymous_13)
FN:216,(anonymous_14)
FN:241,(anonymous_15)
FN:244,(anonymous_16)
FN:253,(anonymous_17)
FN:272,(anonymous_18)
FN:275,(anonymous_19)
FN:284,(anonymous_20)
FN:312,(anonymous_21)
FN:317,(anonymous_22)
FN:336,(anonymous_23)
FN:361,(anonymous_24)
FN:364,(anonymous_25)
FN:373,(anonymous_26)
FN:414,(anonymous_27)
FN:429,(anonymous_28)
FN:443,(anonymous_29)
FN:452,(anonymous_30)
FN:467,(anonymous_31)
FNF:32
FNH:24
FNDA:50,(anonymous_0)
FNDA:88,(anonymous_1)
FNDA:6,(anonymous_2)
FNDA:67,(anonymous_3)
FNDA:7,(anonymous_4)
FNDA:4,(anonymous_5)
FNDA:3,(anonymous_6)
FNDA:3,(anonymous_7)
FNDA:3,(anonymous_8)
FNDA:40,(anonymous_9)
FNDA:7,(anonymous_10)
FNDA:3,(anonymous_11)
FNDA:4,(anonymous_12)
FNDA:4,(anonymous_13)
FNDA:88,(anonymous_14)
FNDA:7,(anonymous_15)
FNDA:31,(anonymous_16)
FNDA:0,(anonymous_17)
FNDA:1,(anonymous_18)
FNDA:13,(anonymous_19)
FNDA:0,(anonymous_20)
FNDA:3,(anonymous_21)
FNDA:18,(anonymous_22)
FNDA:36,(anonymous_23)
FNDA:2,(anonymous_24)
FNDA:6,(anonymous_25)
FNDA:0,(anonymous_26)
FNDA:0,(anonymous_27)
FNDA:0,(anonymous_28)
FNDA:0,(anonymous_29)
FNDA:0,(anonymous_30)
FNDA:0,(anonymous_31)
DA:40,1
DA:42,1
DA:43,50
DA:47,88
DA:50,50
DA:51,50
DA:52,50
DA:53,50
DA:54,50
DA:55,50
DA:56,50
DA:57,50
DA:58,50
DA:59,50
DA:60,50
DA:61,50
DA:62,50
DA:65,50
DA:67,6
DA:71,67
DA:73,50
DA:76,50
DA:78,7
DA:83,50
DA:85,4
DA:90,50
DA:92,3
DA:96,50
DA:98,3
DA:103,50
DA:105,3
DA:110,50
DA:114,50
DA:116,50
DA:117,7
DA:118,7
DA:119,7
DA:120,7
DA:121,7
DA:122,7
DA:125,50
DA:126,3
DA:127,3
DA:130,50
DA:131,4
DA:133,4
DA:135,4
DA:137,4
DA:139,4
DA:155,4
DA:156,4
DA:157,3
DA:160,4
DA:162,1
DA:163,1
DA:164,1
DA:185,50
DA:186,6
DA:195,44
DA:217,88
DA:241,7
DA:245,31
DA:254,0
DA:272,1
DA:276,13
DA:285,0
DA:313,3
DA:318,18
DA:337,36
DA:361,2
DA:365,6
DA:374,0
DA:414,0
DA:429,0
DA:443,0
DA:452,0
DA:467,0
LF:77
LH:69
BRDA:86,0,0,50
BRDA:86,0,1,38
BRDA:106,1,0,50
BRDA:106,1,1,21
BRDA:114,2,0,50
BRDA:114,2,1,38
BRDA:114,2,2,24
BRDA:114,2,3,15
BRDA:131,3,0,0
BRDA:131,3,1,4
BRDA:137,4,0,4
BRDA:137,4,1,0
BRDA:141,5,0,1
BRDA:141,5,1,3
BRDA:143,6,0,1
BRDA:143,6,1,3
BRDA:144,7,0,0
BRDA:144,7,1,4
BRDA:145,8,0,1
BRDA:145,8,1,3
BRDA:146,9,0,4
BRDA:146,9,1,4
BRDA:148,10,0,0
BRDA:148,10,1,4
BRDA:149,11,0,4
BRDA:149,11,1,4
BRDA:150,12,0,0
BRDA:150,12,1,4
BRDA:150,13,0,4
BRDA:150,13,1,0
BRDA:151,14,0,0
BRDA:151,14,1,4
BRDA:151,15,0,4
BRDA:151,15,1,0
BRDA:157,16,0,0
BRDA:157,16,1,3
BRDA:185,17,0,6
BRDA:185,17,1,44
BRDA:233,18,0,50
BRDA:233,18,1,38
BRDA:254,19,0,0
BRDA:254,19,1,0
BRDA:264,20,0,50
BRDA:264,20,1,38
BRDA:264,20,2,17
BRDA:285,21,0,0
BRDA:285,21,1,0
BRDA:296,22,0,50
BRDA:296,22,1,21
BRDA:353,23,0,21
BRDA:353,23,1,9
BRDA:374,24,0,0
BRDA:374,24,1,0
BRDA:386,25,0,50
BRDA:386,25,1,38
BRDA:437,26,0,38
BRDA:437,26,1,0
BRDA:475,27,0,50
BRDA:475,27,1,38
BRDA:475,27,2,17
BRDA:491,28,0,50
BRDA:491,28,1,40
BRDA:499,29,0,4
BRDA:499,29,1,40
BRF:64
BRH:48
end_of_record
TN:
SF:src/pages/ErrorPage.tsx
FN:11,(anonymous_0)
FN:18,(anonymous_1)
FNF:2
FNH:0
FNDA:0,(anonymous_0)
FNDA:0,(anonymous_1)
DA:11,0
DA:12,0
DA:13,0
DA:14,0
DA:16,0
DA:18,0
DA:19,0
DA:22,0
LF:8
LH:0
BRDA:16,0,0,0
BRDA:16,0,1,0
BRF:2
BRH:0
end_of_record
TN:
SF:src/pages/HistoryPage.tsx
FN:26,(anonymous_0)
FN:69,(anonymous_1)
FN:73,(anonymous_2)
FN:86,(anonymous_3)
FN:89,(anonymous_4)
FN:94,(anonymous_5)
FN:95,(anonymous_6)
FN:107,(anonymous_7)
FN:112,(anonymous_8)
FN:130,(anonymous_9)
FN:147,(anonymous_10)
FN:201,(anonymous_11)
FN:224,(anonymous_12)
FN:257,(anonymous_13)
FNF:14
FNH:0
FNDA:0,(anonymous_0)
FNDA:0,(anonymous_1)
FNDA:0,(anonymous_2)
FNDA:0,(anonymous_3)
FNDA:0,(anonymous_4)
FNDA:0,(anonymous_5)
FNDA:0,(anonymous_6)
FNDA:0,(anonymous_7)
FNDA:0,(anonymous_8)
FNDA:0,(anonymous_9)
FNDA:0,(anonymous_10)
FNDA:0,(anonymous_11)
FNDA:0,(anonymous_12)
FNDA:0,(anonymous_13)
DA:26,0
DA:31,0
DA:69,0
DA:70,0
DA:73,0
DA:74,0
DA:75,0
DA:76,0
DA:77,0
DA:83,0
DA:86,0
DA:89,0
DA:90,0
DA:91,0
DA:94,0
DA:95,0
DA:96,0
DA:97,0
DA:98,0
DA:100,0
DA:102,0
DA:106,0
DA:108,0
DA:109,0
DA:110,0
DA:112,0
DA:113,0
DA:114,0
DA:115,0
DA:118,0
DA:120,0
DA:122,0
DA:124,0
DA:130,0
DA:131,0
DA:133,0
DA:134,0
DA:135,0
DA:136,0
DA:137,0
DA:139,0
DA:141,0
DA:143,0
DA:147,0
DA:148,0
DA:149,0
DA:163,0
DA:164,0
DA:180,0
DA:181,0
DA:199,0
DA:202,0
DA:224,0
DA:257,0
DA:280,0
LF:55
LH:0
BRDA:70,0,0,0
BRDA:70,0,1,0
BRDA:97,1,0,0
BRDA:97,1,1,0
BRDA:131,2,0,0
BRDA:131,2,1,0
BRDA:148,3,0,0
BRDA:148,3,1,0
BRDA:163,4,0,0
BRDA:163,4,1,0
BRDA:180,5,0,0
BRDA:180,5,1,0
BRDA:180,6,0,0
BRDA:180,6,1,0
BRDA:213,7,0,0
BRDA:213,7,1,0
BRDA:313,8,0,0
BRDA:313,8,1,0
BRF:18
BRH:0
end_of_record
TN:
SF:src/pages/IndexPage.tsx
FN:12,(anonymous_0)
FN:16,(anonymous_1)
FN:31,(anonymous_2)
FN:34,(anonymous_3)
FN:102,(anonymous_4)
FN:111,(anonymous_5)
FNF:6
FNH:0
FNDA:0,(anonymous_0)
FNDA:0,(anonymous_1)
FNDA:0,(anonymous_2)
FNDA:0,(anonymous_3)
FNDA:0,(anonymous_4)
FNDA:0,(anonymous_5)
DA:12,0
DA:13,0
DA:16,0
DA:17,0
DA:18,0
DA:19,0
DA:24,0
DA:30,0
DA:32,0
DA:34,0
DA:35,0
DA:45,0
DA:46,0
DA:47,0
DA:49,0
DA:50,0
DA:58,0
DA:59,0
DA:75,0
DA:76,0
DA:95,0
DA:97,0
DA:103,0
DA:111,0
LF:24
LH:0
BRDA:13,0,0,0
BRDA:13,0,1,0
BRDA:13,1,0,0
BRDA:13,1,1,0
BRDA:58,2,0,0
BRDA:58,2,1,0
BRDA:75,3,0,0
BRDA:75,3,1,0
BRDA:95,4,0,0
BRDA:95,4,1,0
BRDA:113,5,0,0
BRDA:113,5,1,0
BRF:12
BRH:0
end_of_record
TN:
SF:src/pages/NewAlcoholPage.tsx
FN:22,(anonymous_0)
FN:36,(anonymous_1)
FN:54,(anonymous_2)
FN:64,(anonymous_3)
FN:79,(anonymous_4)
FN:80,(anonymous_5)
FN:83,(anonymous_6)
FN:89,(anonymous_7)
FN:90,(anonymous_8)
FN:97,(anonymous_9)
FN:102,(anonymous_10)
FN:137,(anonymous_11)
FN:154,(anonymous_12)
FN:158,(anonymous_13)
FN:172,(anonymous_14)
FN:222,(anonymous_15)
FN:226,(anonymous_16)
FN:240,(anonymous_17)
FNF:18
FNH:18
FNDA:54,(anonymous_0)
FNDA:3,(anonymous_1)
FNDA:2,(anonymous_2)
FNDA:1,(anonymous_3)
FNDA:1,(anonymous_4)
FNDA:1,(anonymous_5)
FNDA:1,(anonymous_6)
FNDA:1,(anonymous_7)
FNDA:1,(anonymous_8)
FNDA:2,(anonymous_9)
FNDA:2,(anonymous_10)
FNDA:25,(anonymous_11)
FNDA:1,(anonymous_12)
FNDA:1,(anonymous_13)
FNDA:4,(anonymous_14)
FNDA:1,(anonymous_15)
FNDA:1,(anonymous_16)
FNDA:11,(anonymous_17)
DA:22,1
DA:23,54
DA:26,54
DA:27,54
DA:28,54
DA:29,54
DA:30,54
DA:31,54
DA:32,54
DA:33,54
DA:36,54
DA:37,3
DA:38,3
DA:39,0
DA:40,0
DA:42,3
DA:43,1
DA:44,1
DA:46,2
DA:47,0
DA:48,0
DA:50,2
DA:51,2
DA:54,54
DA:55,2
DA:56,2
DA:57,2
DA:58,2
DA:60,0
DA:64,54
DA:65,1
DA:66,1
DA:68,1
DA:73,1
DA:74,1
DA:75,1
DA:76,1
DA:79,54
DA:80,1
DA:83,54
DA:84,1
DA:85,1
DA:86,1
DA:89,54
DA:90,1
DA:93,54
DA:95,54
DA:97,54
DA:98,2
DA:100,2
DA:102,2
DA:103,2
DA:110,2
DA:111,2
DA:112,1
DA:114,1
DA:115,1
DA:116,1
DA:120,54
DA:122,54
DA:137,25
DA:155,1
DA:158,1
DA:172,4
DA:223,1
DA:226,1
DA:240,11
LF:67
LH:62
BRDA:38,0,0,0
BRDA:38,0,1,3
BRDA:42,1,0,1
BRDA:42,1,1,2
BRDA:46,2,0,0
BRDA:46,2,1,2
BRDA:57,3,0,2
BRDA:57,3,1,0
BRDA:65,4,0,0
BRDA:65,4,1,1
BRDA:65,5,0,1
BRDA:65,5,1,1
BRDA:66,6,0,0
BRDA:66,6,1,1
BRDA:84,7,0,0
BRDA:84,7,1,1
BRDA:98,8,0,0
BRDA:98,8,1,2
BRDA:105,9,0,0
BRDA:105,9,1,2
BRDA:106,10,0,0
BRDA:106,10,1,2
BRDA:120,11,0,54
BRDA:120,11,1,6
BRDA:120,11,2,2
BRDA:151,12,0,54
BRDA:151,12,1,1
BRDA:202,13,0,1
BRDA:202,13,1,53
BRDA:203,14,0,1
BRDA:203,14,1,53
BRDA:204,15,0,1
BRDA:204,15,1,53
BRDA:219,16,0,54
BRDA:219,16,1,1
BRDA:253,17,0,11
BRDA:253,17,1,43
BRDA:254,18,0,11
BRDA:254,18,1,43
BRDA:255,19,0,11
BRDA:255,19,1,43
BRDA:269,20,0,54
BRDA:269,20,1,52
BRDA:277,21,0,2
BRDA:277,21,1,52
BRF:45
BRH:36
end_of_record
TN:
SF:src/pages/NewBeerBrandPage.tsx
FN:20,(anonymous_0)
FN:28,(anonymous_1)
FN:34,(anonymous_2)
FN:35,(anonymous_3)
FN:42,(anonymous_4)
FN:47,(anonymous_5)
FN:79,(anonymous_6)
FN:96,(anonymous_7)
FN:100,(anonymous_8)
FN:114,(anonymous_9)
FNF:10
FNH:10
FNDA:40,(anonymous_0)
FNDA:1,(anonymous_1)
FNDA:1,(anonymous_2)
FNDA:1,(anonymous_3)
FNDA:2,(anonymous_4)
FNDA:2,(anonymous_5)
FNDA:28,(anonymous_6)
FNDA:1,(anonymous_7)
FNDA:1,(anonymous_8)
FNDA:3,(anonymous_9)
DA:20,1
DA:21,40
DA:23,40
DA:24,40
DA:25,40
DA:26,40
DA:28,40
DA:29,1
DA:30,1
DA:31,1
DA:34,40
DA:35,1
DA:38,40
DA:40,40
DA:42,40
DA:43,2
DA:45,2
DA:47,2
DA:48,2
DA:54,2
DA:55,2
DA:56,1
DA:58,1
DA:59,1
DA:60,1
DA:64,40
DA:79,28
DA:97,1
DA:100,1
DA:114,3
LF:30
LH:30
BRDA:29,0,0,0
BRDA:29,0,1,1
BRDA:43,1,0,0
BRDA:43,1,1,2
BRDA:50,2,0,0
BRDA:50,2,1,2
BRDA:93,3,0,40
BRDA:93,3,1,1
BRDA:127,4,0,3
BRDA:127,4,1,37
BRDA:128,5,0,3
BRDA:128,5,1,37
BRDA:129,6,0,3
BRDA:129,6,1,37
BRDA:143,7,0,40
BRDA:143,7,1,38
BRDA:151,8,0,2
BRDA:151,8,1,38
BRF:18
BRH:15
end_of_record
TN:
SF:src/pages/NewBeerFlavourPage.tsx
FN:21,(anonymous_0)
FN:34,(anonymous_1)
FN:85,(anonymous_2)
FNF:3
FNH:3
FNDA:22,(anonymous_0)
FNDA:2,(anonymous_1)
FNDA:13,(anonymous_2)
DA:21,1
DA:22,22
DA:23,22
DA:24,22
DA:25,22
DA:26,22
DA:29,22
DA:30,22
DA:32,22
DA:34,22
DA:35,2
DA:37,2
DA:39,2
DA:40,2
DA:41,1
DA:43,1
DA:44,1
DA:45,1
DA:50,22
DA:51,2
DA:65,20
DA:85,13
LF:22
LH:22
BRDA:35,0,0,0
BRDA:35,0,1,2
BRDA:35,1,0,2
BRDA:35,1,1,2
BRDA:50,2,0,2
BRDA:50,2,1,20
BRDA:98,3,0,20
BRDA:98,3,1,18
BRDA:106,4,0,2
BRDA:106,4,1,18
BRF:10
BRH:9
end_of_record
TN:
SF:src/pages/NewSubtypePage.tsx
FN:21,(anonymous_0)
FN:34,(anonymous_1)
FN:85,(anonymous_2)
FNF:3
FNH:3
FNDA:46,(anonymous_0)
FNDA:2,(anonymous_1)
FNDA:37,(anonymous_2)
DA:21,1
DA:22,46
DA:23,46
DA:24,46
DA:25,46
DA:26,46
DA:29,46
DA:30,46
DA:32,46
DA:34,46
DA:35,2
DA:37,2
DA:39,2
DA:40,2
DA:41,1
DA:43,1
DA:44,1
DA:45,1
DA:50,46
DA:51,2
DA:65,44
DA:85,37
LF:22
LH:22
BRDA:35,0,0,0
BRDA:35,0,1,2
BRDA:35,1,0,2
BRDA:35,1,1,2
BRDA:50,2,0,2
BRDA:50,2,1,44
BRDA:98,3,0,44
BRDA:98,3,1,42
BRDA:106,4,0,2
BRDA:106,4,1,42
BRF:10
BRH:9
end_of_record
TN:
SF:src/pages/NewVolumePage.tsx
FN:22,(anonymous_0)
FN:36,(anonymous_1)
FN:42,(anonymous_2)
FN:60,(anonymous_3)
FN:76,(anonymous_4)
FN:81,(anonymous_5)
FN:142,(anonymous_6)
FNF:7
FNH:7
FNDA:44,(anonymous_0)
FNDA:7,(anonymous_1)
FNDA:9,(anonymous_2)
FNDA:10,(anonymous_3)
FNDA:2,(anonymous_4)
FNDA:2,(anonymous_5)
FNDA:24,(anonymous_6)
DA:22,1
DA:23,44
DA:24,44
DA:25,44
DA:26,44
DA:27,44
DA:30,44
DA:31,44
DA:32,44
DA:33,44
DA:36,44
DA:37,7
DA:38,7
DA:42,44
DA:43,9
DA:44,9
DA:45,0
DA:46,0
DA:48,9
DA:49,4
DA:50,4
DA:52,5
DA:53,1
DA:54,1
DA:56,4
DA:57,4
DA:60,44
DA:61,10
DA:62,10
DA:63,10
DA:64,9
DA:66,1
DA:71,44
DA:76,44
DA:77,2
DA:79,2
DA:81,2
DA:82,2
DA:88,2
DA:89,2
DA:90,1
DA:92,1
DA:93,1
DA:94,1
DA:99,44
DA:100,2
DA:114,42
DA:142,24
LF:48
LH:46
BRDA:38,0,0,7
BRDA:38,0,1,7
BRDA:38,0,2,7
BRDA:44,1,0,0
BRDA:44,1,1,9
BRDA:48,2,0,4
BRDA:48,2,1,5
BRDA:52,3,0,1
BRDA:52,3,1,4
BRDA:63,4,0,9
BRDA:63,4,1,1
BRDA:71,5,0,44
BRDA:71,5,1,35
BRDA:71,5,2,12
BRDA:71,5,3,7
BRDA:77,6,0,0
BRDA:77,6,1,2
BRDA:77,7,0,2
BRDA:77,7,1,2
BRDA:99,8,0,2
BRDA:99,8,1,42
BRDA:157,9,0,42
BRDA:157,9,1,37
BRDA:174,10,0,44
BRDA:174,10,1,40
BRDA:182,11,0,2
BRDA:182,11,1,40
BRF:27
BRH:25
end_of_record
TN:
SF:src/pages/SuccessPage.tsx
FN:10,(anonymous_0)
FNF:1
FNH:0
FNDA:0,(anonymous_0)
DA:10,0
DA:11,0
DA:12,0
DA:13,0
DA:15,0
DA:17,0
LF:6
LH:0
BRDA:15,0,0,0
BRDA:15,0,1,0
BRF:2
BRH:0
end_of_record
TN:
SF:src/types/api.ts
FN:136,(anonymous_0)
FNF:1
FNH:0
FNDA:0,(anonymous_0)
DA:136,0
DA:137,0
LF:2
LH:0
BRDA:137,0,0,0
BRDA:137,0,1,0
BRDA:137,0,2,0
BRF:3
BRH:0
end_of_record
