TN:
SF:src/App.tsx
FN:14,App
FNF:1
FNH:0
FNDA:0,App
DA:15,0
LF:1
LH:0
BRF:0
BRH:0
end_of_record
TN:
SF:src/config.ts
FN:31,(anonymous_0)
FN:37,(anonymous_1)
FNF:2
FNH:2
FNDA:59,(anonymous_0)
FNDA:32,(anonymous_1)
DA:25,8
DA:31,8
DA:32,59
DA:33,9
DA:34,6
DA:37,8
DA:38,32
DA:40,8
LF:8
LH:8
BRDA:25,0,0,8
BRDA:25,0,1,0
BRDA:32,1,0,50
BRDA:32,1,1,9
BRDA:33,2,0,3
BRDA:33,2,1,6
BRDA:33,3,0,9
BRDA:33,3,1,7
BRDA:38,4,0,32
BRDA:38,4,1,27
BRDA:38,4,2,26
BRF:11
BRH:10
end_of_record
TN:
SF:src/api/client.ts
FN:18,(anonymous_0)
FN:25,(anonymous_1)
FN:29,(anonymous_2)
FN:31,(anonymous_3)
FN:52,(anonymous_4)
FNF:5
FNH:0
FNDA:0,(anonymous_0)
FNDA:0,(anonymous_1)
FNDA:0,(anonymous_2)
FNDA:0,(anonymous_3)
FNDA:0,(anonymous_4)
DA:9,0
DA:18,0
DA:20,0
DA:21,0
DA:23,0
DA:25,0
DA:29,0
DA:30,0
DA:33,0
DA:34,0
DA:35,0
DA:37,0
DA:38,0
DA:39,0
DA:43,0
DA:46,0
DA:47,0
DA:52,0
DA:53,0
LF:19
LH:0
BRDA:20,0,0,0
BRDA:20,0,1,0
BRDA:33,1,0,0
BRDA:33,1,1,0
BRDA:37,2,0,0
BRDA:37,2,1,0
BRF:6
BRH:0
end_of_record
TN:
SF:src/api/endpoints.ts
FN:19,(anonymous_0)
FN:33,(anonymous_1)
FN:42,(anonymous_2)
FN:50,(anonymous_3)
FN:62,(anonymous_4)
FN:69,(anonymous_5)
FN:80,(anonymous_6)
FN:91,(anonymous_7)
FN:106,(anonymous_8)
FN:113,(anonymous_9)
FN:121,(anonymous_10)
FN:129,(anonymous_11)
FN:140,(anonymous_12)
FN:152,(anonymous_13)
FN:162,(anonymous_14)
FNF:15
FNH:0
FNDA:0,(anonymous_0)
FNDA:0,(anonymous_1)
FNDA:0,(anonymous_2)
FNDA:0,(anonymous_3)
FNDA:0,(anonymous_4)
FNDA:0,(anonymous_5)
FNDA:0,(anonymous_6)
FNDA:0,(anonymous_7)
FNDA:0,(anonymous_8)
FNDA:0,(anonymous_9)
FNDA:0,(anonymous_10)
FNDA:0,(anonymous_11)
FNDA:0,(anonymous_12)
FNDA:0,(anonymous_13)
FNDA:0,(anonymous_14)
DA:19,0
DA:20,0
DA:21,0
DA:23,0
DA:28,0
DA:29,0
DA:33,0
DA:34,0
DA:35,0
DA:37,0
DA:38,0
DA:42,0
DA:43,0
DA:44,0
DA:47,0
DA:50,0
DA:51,0
DA:52,0
DA:54,0
DA:58,0
DA:59,0
DA:62,0
DA:63,0
DA:66,0
DA:69,0
DA:73,0
DA:77,0
DA:80,0
DA:81,0
DA:82,0
DA:84,0
DA:88,0
DA:91,0
DA:95,0
DA:96,0
DA:98,0
DA:102,0
DA:106,0
DA:107,0
DA:110,0
DA:113,0
DA:114,0
DA:115,0
DA:118,0
DA:121,0
DA:122,0
DA:123,0
DA:125,0
DA:126,0
DA:129,0
DA:130,0
DA:131,0
DA:133,0
DA:137,0
DA:140,0
DA:141,0
DA:142,0
DA:144,0
DA:148,0
DA:152,0
DA:153,0
DA:154,0
DA:156,0
DA:159,0
DA:162,0
DA:163,0
DA:169,0
LF:67
LH:0
BRDA:21,0,0,0
BRDA:21,0,1,0
BRDA:26,1,0,0
BRDA:26,1,1,0
BRDA:35,2,0,0
BRDA:35,2,1,0
BRDA:52,3,0,0
BRDA:52,3,1,0
BRDA:82,4,0,0
BRDA:82,4,1,0
BRDA:96,5,0,0
BRDA:96,5,1,0
BRDA:106,6,0,0
BRDA:123,7,0,0
BRDA:123,7,1,0
BRDA:131,8,0,0
BRDA:131,8,1,0
BRDA:142,9,0,0
BRDA:142,9,1,0
BRDA:154,10,0,0
BRDA:154,10,1,0
BRF:21
BRH:0
end_of_record
TN:
SF:src/auth/KeycloakProvider.tsx
FN:22,(anonymous_0)
FN:27,(anonymous_1)
FN:32,(anonymous_2)
FN:45,(anonymous_3)
FN:46,(anonymous_4)
FN:63,(anonymous_5)
FN:67,(anonymous_6)
FNF:7
FNH:0
FNDA:0,(anonymous_0)
FNDA:0,(anonymous_1)
FNDA:0,(anonymous_2)
FNDA:0,(anonymous_3)
FNDA:0,(anonymous_4)
FNDA:0,(anonymous_5)
FNDA:0,(anonymous_6)
DA:16,0
DA:22,0
DA:23,0
DA:24,0
DA:25,0
DA:27,0
DA:29,0
DA:30,0
DA:32,0
DA:33,0
DA:34,0
DA:40,0
DA:43,0
DA:45,0
DA:46,0
DA:47,0
DA:48,0
DA:53,0
DA:54,0
DA:56,0
DA:60,0
DA:63,0
DA:64,0
DA:67,0
DA:68,0
DA:71,0
DA:82,0
LF:27
LH:0
BRDA:29,0,0,0
BRDA:29,0,1,0
BRDA:43,1,0,0
BRDA:43,1,1,0
BRF:4
BRH:0
end_of_record
TN:
SF:src/auth/ProtectedRoute.tsx
FN:9,(anonymous_0)
FNF:1
FNH:0
FNDA:0,(anonymous_0)
DA:9,0
DA:10,0
DA:12,0
DA:13,0
DA:34,0
DA:35,0
DA:53,0
LF:7
LH:0
BRDA:12,0,0,0
BRDA:12,0,1,0
BRDA:34,1,0,0
BRDA:34,1,1,0
BRF:4
BRH:0
end_of_record
TN:
SF:src/auth/index.ts
FNF:0
FNH:0
LF:0
LH:0
BRF:0
BRH:0
end_of_record
TN:
SF:src/auth/keycloak.ts
FNF:0
FNH:0
DA:5,0
DA:12,0
LF:2
LH:0
BRF:0
BRH:0
end_of_record
TN:
SF:src/auth/useAuth.ts
FN:4,(anonymous_0)
FNF:1
FNH:0
FNDA:0,(anonymous_0)
DA:4,0
DA:5,0
DA:7,0
DA:8,0
DA:11,0
LF:5
LH:0
BRDA:7,0,0,0
BRDA:7,0,1,0
BRF:2
BRH:0
end_of_record
TN:
SF:src/components/Layout.tsx
FN:29,(anonymous_0)
FN:40,(anonymous_1)
FN:47,(anonymous_2)
FN:76,(anonymous_3)
FNF:4
FNH:0
FNDA:0,(anonymous_0)
FNDA:0,(anonymous_1)
FNDA:0,(anonymous_2)
FNDA:0,(anonymous_3)
DA:29,0
DA:35,0
DA:36,0
DA:37,0
DA:40,0
DA:41,0
DA:42,0
DA:43,0
DA:44,0
DA:47,0
DA:48,0
DA:49,0
DA:50,0
DA:53,0
DA:76,0
LF:15
LH:0
BRDA:31,0,0,0
BRDA:32,1,0,0
BRDA:33,2,0,0
BRDA:41,3,0,0
BRDA:41,3,1,0
BRDA:42,4,0,0
BRDA:42,4,1,0
BRDA:43,5,0,0
BRDA:43,5,1,0
BRDA:48,6,0,0
BRDA:48,6,1,0
BRDA:49,7,0,0
BRDA:49,7,1,0
BRDA:50,8,0,0
BRDA:50,8,1,0
BRDA:73,9,0,0
BRDA:73,9,1,0
BRDA:113,10,0,0
BRDA:113,10,1,0
BRDA:120,11,0,0
BRDA:120,11,1,0
BRF:21
BRH:0
end_of_record
TN:
SF:src/components/LoadingButton.tsx
FN:9,(anonymous_0)
FNF:1
FNH:0
FNDA:0,(anonymous_0)
DA:9,0
DA:15,0
LF:2
LH:0
BRDA:10,0,0,0
BRDA:18,1,0,0
BRDA:18,1,1,0
BRDA:25,2,0,0
BRDA:25,2,1,0
BRF:5
BRH:0
end_of_record
TN:
SF:src/components/QuantitySelector.tsx
FN:14,(anonymous_0)
FN:21,(anonymous_1)
FN:27,(anonymous_2)
FNF:3
FNH:3
FNDA:7,(anonymous_0)
FNDA:1,(anonymous_1)
FNDA:1,(anonymous_2)
DA:14,1
DA:21,7
DA:22,1
DA:23,1
DA:27,7
DA:28,1
DA:29,1
DA:33,7
LF:8
LH:8
BRDA:17,0,0,7
BRDA:18,1,0,7
BRDA:19,2,0,7
BRDA:22,3,0,1
BRDA:22,3,1,0
BRDA:28,4,0,1
BRDA:28,4,1,0
BRDA:46,5,0,7
BRDA:46,5,1,6
BRDA:50,6,0,2
BRDA:50,6,1,5
BRDA:51,7,0,2
BRDA:51,7,1,5
BRDA:53,8,0,2
BRDA:53,8,1,5
BRDA:92,9,0,7
BRDA:92,9,1,6
BRDA:96,10,0,2
BRDA:96,10,1,5
BRDA:97,11,0,2
BRDA:97,11,1,5
BRDA:99,12,0,2
BRDA:99,12,1,5
BRF:23
BRH:21
end_of_record
TN:
SF:src/components/RecommendationButton.tsx
FN:70,(anonymous_0)
FN:171,(anonymous_1)
FNF:2
FNH:0
FNDA:0,(anonymous_0)
FNDA:0,(anonymous_1)
DA:19,0
DA:70,0
DA:71,0
DA:74,0
DA:75,0
DA:79,0
DA:82,0
DA:95,0
DA:99,0
DA:118,0
DA:122,0
DA:144,0
DA:148,0
DA:164,0
DA:168,0
DA:171,0
DA:179,0
LF:17
LH:0
BRDA:71,0,0,0
BRDA:71,0,1,0
BRDA:74,1,0,0
BRDA:74,1,1,0
BRDA:74,2,0,0
BRDA:74,2,1,0
BRDA:82,3,0,0
BRDA:82,3,1,0
BRDA:83,4,0,0
BRDA:83,4,1,0
BRDA:83,4,2,0
BRDA:83,4,3,0
BRDA:83,4,4,0
BRDA:83,4,5,0
BRDA:83,4,6,0
BRDA:83,4,7,0
BRDA:83,4,8,0
BRDA:83,4,9,0
BRDA:83,4,10,0
BRDA:99,5,0,0
BRDA:99,5,1,0
BRDA:100,6,0,0
BRDA:100,6,1,0
BRDA:100,6,2,0
BRDA:100,6,3,0
BRDA:100,6,4,0
BRDA:100,6,5,0
BRDA:100,6,6,0
BRDA:100,6,7,0
BRDA:100,6,8,0
BRDA:100,6,9,0
BRDA:100,6,10,0
BRDA:100,6,11,0
BRDA:100,6,12,0
BRDA:100,6,13,0
BRDA:100,6,14,0
BRDA:100,6,15,0
BRDA:100,6,16,0
BRDA:122,7,0,0
BRDA:122,7,1,0
BRDA:123,8,0,0
BRDA:123,8,1,0
BRDA:123,8,2,0
BRDA:123,8,3,0
BRDA:123,8,4,0
BRDA:123,8,5,0
BRDA:123,8,6,0
BRDA:123,8,7,0
BRDA:123,8,8,0
BRDA:123,8,9,0
BRDA:123,8,10,0
BRDA:123,8,11,0
BRDA:123,8,12,0
BRDA:123,8,13,0
BRDA:123,8,14,0
BRDA:123,8,15,0
BRDA:123,8,16,0
BRDA:123,8,17,0
BRDA:123,8,18,0
BRDA:123,8,19,0
BRDA:148,9,0,0
BRDA:148,9,1,0
BRDA:149,10,0,0
BRDA:149,10,1,0
BRDA:149,10,2,0
BRDA:149,10,3,0
BRDA:149,10,4,0
BRDA:149,10,5,0
BRDA:149,10,6,0
BRDA:149,10,7,0
BRDA:149,10,8,0
BRDA:149,10,9,0
BRDA:149,10,10,0
BRDA:149,10,11,0
BRDA:149,10,12,0
BRDA:149,10,13,0
BRDA:174,11,0,0
BRDA:175,12,0,0
BRDA:176,13,0,0
BRDA:184,14,0,0
BRDA:184,14,1,0
BRDA:185,15,0,0
BRDA:185,15,1,0
BRDA:187,16,0,0
BRDA:187,16,1,0
BRDA:190,17,0,0
BRDA:190,17,1,0
BRDA:191,18,0,0
BRDA:191,18,1,0
BRDA:197,19,0,0
BRDA:197,19,1,0
BRDA:208,20,0,0
BRDA:208,20,1,0
BRDA:213,21,0,0
BRDA:213,21,1,0
BRDA:229,22,0,0
BRDA:229,22,1,0
BRDA:232,23,0,0
BRDA:232,23,1,0
BRF:99
BRH:0
end_of_record
TN:
SF:src/hooks/useNavigation.ts
FN:5,(anonymous_0)
FN:8,(anonymous_1)
FN:16,(anonymous_2)
FN:24,(anonymous_3)
FN:28,(anonymous_4)
FN:32,(anonymous_5)
FN:36,(anonymous_6)
FN:44,(anonymous_7)
FN:48,(anonymous_8)
FN:56,(anonymous_9)
FNF:10
FNH:0
FNDA:0,(anonymous_0)
FNDA:0,(anonymous_1)
FNDA:0,(anonymous_2)
FNDA:0,(anonymous_3)
FNDA:0,(anonymous_4)
FNDA:0,(anonymous_5)
FNDA:0,(anonymous_6)
FNDA:0,(anonymous_7)
FNDA:0,(anonymous_8)
FNDA:0,(anonymous_9)
DA:5,0
DA:6,0
DA:8,0
DA:10,0
DA:11,0
DA:16,0
DA:18,0
DA:19,0
DA:24,0
DA:25,0
DA:28,0
DA:29,0
DA:32,0
DA:33,0
DA:36,0
DA:38,0
DA:39,0
DA:44,0
DA:45,0
DA:48,0
DA:50,0
DA:51,0
DA:56,0
DA:58,0
DA:59,0
DA:64,0
LF:26
LH:0
BRF:0
BRH:0
end_of_record
TN:
SF:src/hooks/useResponsiveTileCount.ts
FN:13,(anonymous_0)
FN:31,calculateTileConfig
FN:62,useResponsiveTileCount
FN:63,(anonymous_3)
FN:70,(anonymous_4)
FN:71,(anonymous_5)
FN:79,(anonymous_6)
FNF:7
FNH:0
FNDA:0,(anonymous_0)
FNDA:0,calculateTileConfig
FNDA:0,useResponsiveTileCount
FNDA:0,(anonymous_3)
FNDA:0,(anonymous_4)
FNDA:0,(anonymous_5)
FNDA:0,(anonymous_6)
DA:7,0
DA:13,0
DA:15,0
DA:32,0
DA:35,0
DA:43,0
DA:46,0
DA:49,0
DA:50,0
DA:52,0
DA:63,0
DA:64,0
DA:65,0
DA:67,0
DA:70,0
DA:71,0
DA:72,0
DA:76,0
DA:78,0
DA:79,0
DA:82,0
LF:21
LH:0
BRDA:64,0,0,0
BRDA:64,0,1,0
BRF:2
BRH:0
end_of_record
TN:
SF:src/pages/DetailedPage.tsx
FN:42,(anonymous_0)
FN:47,(anonymous_1)
FN:67,(anonymous_2)
FN:71,(anonymous_3)
FN:78,(anonymous_4)
FN:85,(anonymous_5)
FN:92,(anonymous_6)
FN:98,(anonymous_7)
FN:105,(anonymous_8)
FN:110,(anonymous_9)
FN:113,(anonymous_10)
FN:122,(anonymous_11)
FN:127,(anonymous_12)
FN:133,(anonymous_13)
FN:137,(anonymous_14)
FN:142,(anonymous_15)
FN:221,(anonymous_16)
FN:246,(anonymous_17)
FN:249,(anonymous_18)
FN:258,(anonymous_19)
FN:277,(anonymous_20)
FN:280,(anonymous_21)
FN:289,(anonymous_22)
FN:317,(anonymous_23)
FN:322,(anonymous_24)
FN:338,(anonymous_25)
FN:341,(anonymous_26)
FN:366,(anonymous_27)
FN:369,(anonymous_28)
FN:378,(anonymous_29)
FN:419,(anonymous_30)
FN:434,(anonymous_31)
FN:448,(anonymous_32)
FN:457,(anonymous_33)
FN:472,(anonymous_34)
FNF:35
FNH:0
FNDA:0,(anonymous_0)
FNDA:0,(anonymous_1)
FNDA:0,(anonymous_2)
FNDA:0,(anonymous_3)
FNDA:0,(anonymous_4)
FNDA:0,(anonymous_5)
FNDA:0,(anonymous_6)
FNDA:0,(anonymous_7)
FNDA:0,(anonymous_8)
FNDA:0,(anonymous_9)
FNDA:0,(anonymous_10)
FNDA:0,(anonymous_11)
FNDA:0,(anonymous_12)
FNDA:0,(anonymous_13)
FNDA:0,(anonymous_14)
FNDA:0,(anonymous_15)
FNDA:0,(anonymous_16)
FNDA:0,(anonymous_17)
FNDA:0,(anonymous_18)
FNDA:0,(anonymous_19)
FNDA:0,(anonymous_20)
FNDA:0,(anonymous_21)
FNDA:0,(anonymous_22)
FNDA:0,(anonymous_23)
FNDA:0,(anonymous_24)
FNDA:0,(anonymous_25)
FNDA:0,(anonymous_26)
FNDA:0,(anonymous_27)
FNDA:0,(anonymous_28)
FNDA:0,(anonymous_29)
FNDA:0,(anonymous_30)
FNDA:0,(anonymous_31)
FNDA:0,(anonymous_32)
FNDA:0,(anonymous_33)
FNDA:0,(anonymous_34)
DA:40,0
DA:42,0
DA:43,0
DA:47,0
DA:50,0
DA:51,0
DA:52,0
DA:53,0
DA:54,0
DA:55,0
DA:56,0
DA:57,0
DA:58,0
DA:59,0
DA:60,0
DA:61,0
DA:62,0
DA:65,0
DA:67,0
DA:71,0
DA:73,0
DA:76,0
DA:78,0
DA:83,0
DA:85,0
DA:90,0
DA:92,0
DA:96,0
DA:98,0
DA:103,0
DA:105,0
DA:110,0
DA:113,0
DA:114,0
DA:115,0
DA:116,0
DA:117,0
DA:118,0
DA:122,0
DA:123,0
DA:127,0
DA:128,0
DA:129,0
DA:130,0
DA:133,0
DA:134,0
DA:137,0
DA:138,0
DA:140,0
DA:142,0
DA:144,0
DA:146,0
DA:162,0
DA:163,0
DA:164,0
DA:167,0
DA:169,0
DA:170,0
DA:190,0
DA:191,0
DA:200,0
DA:222,0
DA:246,0
DA:250,0
DA:259,0
DA:277,0
DA:281,0
DA:290,0
DA:318,0
DA:323,0
DA:338,0
DA:342,0
DA:366,0
DA:370,0
DA:379,0
DA:419,0
DA:434,0
DA:448,0
DA:457,0
DA:472,0
LF:80
LH:0
BRDA:86,0,0,0
BRDA:86,0,1,0
BRDA:106,1,0,0
BRDA:106,1,1,0
BRDA:128,2,0,0
BRDA:128,2,1,0
BRDA:128,3,0,0
BRDA:128,3,1,0
BRDA:129,4,0,0
BRDA:129,4,1,0
BRDA:129,5,0,0
BRDA:129,5,1,0
BRDA:138,6,0,0
BRDA:138,6,1,0
BRDA:144,7,0,0
BRDA:144,7,1,0
BRDA:148,8,0,0
BRDA:148,8,1,0
BRDA:150,9,0,0
BRDA:150,9,1,0
BRDA:151,10,0,0
BRDA:151,10,1,0
BRDA:152,11,0,0
BRDA:152,11,1,0
BRDA:153,12,0,0
BRDA:153,12,1,0
BRDA:155,13,0,0
BRDA:155,13,1,0
BRDA:156,14,0,0
BRDA:156,14,1,0
BRDA:157,15,0,0
BRDA:157,15,1,0
BRDA:157,16,0,0
BRDA:157,16,1,0
BRDA:158,17,0,0
BRDA:158,17,1,0
BRDA:158,18,0,0
BRDA:158,18,1,0
BRDA:164,19,0,0
BRDA:164,19,1,0
BRDA:190,20,0,0
BRDA:190,20,1,0
BRDA:238,21,0,0
BRDA:238,21,1,0
BRDA:259,22,0,0
BRDA:259,22,1,0
BRDA:269,23,0,0
BRDA:269,23,1,0
BRDA:269,23,2,0
BRDA:290,24,0,0
BRDA:290,24,1,0
BRDA:301,25,0,0
BRDA:301,25,1,0
BRDA:358,26,0,0
BRDA:358,26,1,0
BRDA:379,27,0,0
BRDA:379,27,1,0
BRDA:391,28,0,0
BRDA:391,28,1,0
BRDA:442,29,0,0
BRDA:442,29,1,0
BRDA:480,30,0,0
BRDA:480,30,1,0
BRDA:480,30,2,0
BRDA:496,31,0,0
BRDA:496,31,1,0
BRDA:504,32,0,0
BRDA:504,32,1,0
BRF:68
BRH:0
end_of_record
TN:
SF:src/pages/ErrorPage.tsx
FN:11,(anonymous_0)
FN:18,(anonymous_1)
FNF:2
FNH:0
FNDA:0,(anonymous_0)
FNDA:0,(anonymous_1)
DA:11,0
DA:12,0
DA:13,0
DA:14,0
DA:16,0
DA:18,0
DA:19,0
DA:22,0
LF:8
LH:0
BRDA:16,0,0,0
BRDA:16,0,1,0
BRF:2
BRH:0
end_of_record
TN:
SF:src/pages/HistoryPage.tsx
FN:26,(anonymous_0)
FN:69,(anonymous_1)
FN:73,(anonymous_2)
FN:86,(anonymous_3)
FN:89,(anonymous_4)
FN:94,(anonymous_5)
FN:95,(anonymous_6)
FN:107,(anonymous_7)
FN:112,(anonymous_8)
FN:130,(anonymous_9)
FN:147,(anonymous_10)
FN:201,(anonymous_11)
FN:224,(anonymous_12)
FN:257,(anonymous_13)
FNF:14
FNH:0
FNDA:0,(anonymous_0)
FNDA:0,(anonymous_1)
FNDA:0,(anonymous_2)
FNDA:0,(anonymous_3)
FNDA:0,(anonymous_4)
FNDA:0,(anonymous_5)
FNDA:0,(anonymous_6)
FNDA:0,(anonymous_7)
FNDA:0,(anonymous_8)
FNDA:0,(anonymous_9)
FNDA:0,(anonymous_10)
FNDA:0,(anonymous_11)
FNDA:0,(anonymous_12)
FNDA:0,(anonymous_13)
DA:26,0
DA:31,0
DA:69,0
DA:70,0
DA:73,0
DA:74,0
DA:75,0
DA:76,0
DA:77,0
DA:83,0
DA:86,0
DA:89,0
DA:90,0
DA:91,0
DA:94,0
DA:95,0
DA:96,0
DA:97,0
DA:98,0
DA:100,0
DA:102,0
DA:106,0
DA:108,0
DA:109,0
DA:110,0
DA:112,0
DA:113,0
DA:114,0
DA:115,0
DA:118,0
DA:120,0
DA:122,0
DA:124,0
DA:130,0
DA:131,0
DA:133,0
DA:134,0
DA:135,0
DA:136,0
DA:137,0
DA:139,0
DA:141,0
DA:143,0
DA:147,0
DA:148,0
DA:149,0
DA:163,0
DA:164,0
DA:180,0
DA:181,0
DA:199,0
DA:202,0
DA:224,0
DA:257,0
DA:280,0
LF:55
LH:0
BRDA:70,0,0,0
BRDA:70,0,1,0
BRDA:97,1,0,0
BRDA:97,1,1,0
BRDA:131,2,0,0
BRDA:131,2,1,0
BRDA:148,3,0,0
BRDA:148,3,1,0
BRDA:163,4,0,0
BRDA:163,4,1,0
BRDA:180,5,0,0
BRDA:180,5,1,0
BRDA:180,6,0,0
BRDA:180,6,1,0
BRDA:213,7,0,0
BRDA:213,7,1,0
BRDA:313,8,0,0
BRDA:313,8,1,0
BRF:18
BRH:0
end_of_record
TN:
SF:src/pages/IndexPage.tsx
FN:12,(anonymous_0)
FN:16,(anonymous_1)
FN:31,(anonymous_2)
FN:34,(anonymous_3)
FN:102,(anonymous_4)
FN:111,(anonymous_5)
FNF:6
FNH:0
FNDA:0,(anonymous_0)
FNDA:0,(anonymous_1)
FNDA:0,(anonymous_2)
FNDA:0,(anonymous_3)
FNDA:0,(anonymous_4)
FNDA:0,(anonymous_5)
DA:12,0
DA:13,0
DA:16,0
DA:17,0
DA:18,0
DA:19,0
DA:24,0
DA:30,0
DA:32,0
DA:34,0
DA:35,0
DA:45,0
DA:46,0
DA:47,0
DA:49,0
DA:50,0
DA:58,0
DA:59,0
DA:75,0
DA:76,0
DA:95,0
DA:97,0
DA:103,0
DA:111,0
LF:24
LH:0
BRDA:13,0,0,0
BRDA:13,0,1,0
BRDA:13,1,0,0
BRDA:13,1,1,0
BRDA:58,2,0,0
BRDA:58,2,1,0
BRDA:75,3,0,0
BRDA:75,3,1,0
BRDA:95,4,0,0
BRDA:95,4,1,0
BRDA:113,5,0,0
BRDA:113,5,1,0
BRF:12
BRH:0
end_of_record
TN:
SF:src/pages/NewAlcoholPage.tsx
FN:22,(anonymous_0)
FN:36,(anonymous_1)
FN:54,(anonymous_2)
FN:64,(anonymous_3)
FN:79,(anonymous_4)
FN:80,(anonymous_5)
FN:83,(anonymous_6)
FN:89,(anonymous_7)
FN:90,(anonymous_8)
FN:95,(anonymous_9)
FN:99,(anonymous_10)
FN:104,(anonymous_11)
FN:138,(anonymous_12)
FN:155,(anonymous_13)
FN:159,(anonymous_14)
FN:173,(anonymous_15)
FN:223,(anonymous_16)
FN:227,(anonymous_17)
FN:241,(anonymous_18)
FNF:19
FNH:0
FNDA:0,(anonymous_0)
FNDA:0,(anonymous_1)
FNDA:0,(anonymous_2)
FNDA:0,(anonymous_3)
FNDA:0,(anonymous_4)
FNDA:0,(anonymous_5)
FNDA:0,(anonymous_6)
FNDA:0,(anonymous_7)
FNDA:0,(anonymous_8)
FNDA:0,(anonymous_9)
FNDA:0,(anonymous_10)
FNDA:0,(anonymous_11)
FNDA:0,(anonymous_12)
FNDA:0,(anonymous_13)
FNDA:0,(anonymous_14)
FNDA:0,(anonymous_15)
FNDA:0,(anonymous_16)
FNDA:0,(anonymous_17)
FNDA:0,(anonymous_18)
DA:22,0
DA:23,0
DA:26,0
DA:27,0
DA:28,0
DA:29,0
DA:30,0
DA:31,0
DA:32,0
DA:33,0
DA:36,0
DA:37,0
DA:38,0
DA:39,0
DA:40,0
DA:42,0
DA:43,0
DA:44,0
DA:46,0
DA:47,0
DA:48,0
DA:50,0
DA:51,0
DA:54,0
DA:55,0
DA:56,0
DA:57,0
DA:58,0
DA:60,0
DA:64,0
DA:65,0
DA:66,0
DA:68,0
DA:73,0
DA:74,0
DA:75,0
DA:76,0
DA:79,0
DA:80,0
DA:83,0
DA:84,0
DA:85,0
DA:86,0
DA:89,0
DA:90,0
DA:93,0
DA:95,0
DA:96,0
DA:99,0
DA:100,0
DA:102,0
DA:104,0
DA:105,0
DA:112,0
DA:113,0
DA:114,0
DA:116,0
DA:117,0
DA:121,0
DA:123,0
DA:138,0
DA:156,0
DA:159,0
DA:173,0
DA:224,0
DA:227,0
DA:241,0
LF:67
LH:0
BRDA:38,0,0,0
BRDA:38,0,1,0
BRDA:42,1,0,0
BRDA:42,1,1,0
BRDA:46,2,0,0
BRDA:46,2,1,0
BRDA:57,3,0,0
BRDA:57,3,1,0
BRDA:65,4,0,0
BRDA:65,4,1,0
BRDA:65,5,0,0
BRDA:65,5,1,0
BRDA:66,6,0,0
BRDA:66,6,1,0
BRDA:84,7,0,0
BRDA:84,7,1,0
BRDA:100,8,0,0
BRDA:100,8,1,0
BRDA:107,9,0,0
BRDA:107,9,1,0
BRDA:108,10,0,0
BRDA:108,10,1,0
BRDA:121,11,0,0
BRDA:121,11,1,0
BRDA:121,11,2,0
BRDA:152,12,0,0
BRDA:152,12,1,0
BRDA:203,13,0,0
BRDA:203,13,1,0
BRDA:204,14,0,0
BRDA:204,14,1,0
BRDA:205,15,0,0
BRDA:205,15,1,0
BRDA:220,16,0,0
BRDA:220,16,1,0
BRDA:254,17,0,0
BRDA:254,17,1,0
BRDA:255,18,0,0
BRDA:255,18,1,0
BRDA:256,19,0,0
BRDA:256,19,1,0
BRDA:270,20,0,0
BRDA:270,20,1,0
BRDA:278,21,0,0
BRDA:278,21,1,0
BRF:45
BRH:0
end_of_record
TN:
SF:src/pages/NewBeerBrandPage.tsx
FN:20,(anonymous_0)
FN:28,(anonymous_1)
FN:34,(anonymous_2)
FN:35,(anonymous_3)
FN:40,(anonymous_4)
FN:44,(anonymous_5)
FN:49,(anonymous_6)
FN:80,(anonymous_7)
FN:97,(anonymous_8)
FN:101,(anonymous_9)
FN:115,(anonymous_10)
FNF:11
FNH:0
FNDA:0,(anonymous_0)
FNDA:0,(anonymous_1)
FNDA:0,(anonymous_2)
FNDA:0,(anonymous_3)
FNDA:0,(anonymous_4)
FNDA:0,(anonymous_5)
FNDA:0,(anonymous_6)
FNDA:0,(anonymous_7)
FNDA:0,(anonymous_8)
FNDA:0,(anonymous_9)
FNDA:0,(anonymous_10)
DA:20,0
DA:21,0
DA:23,0
DA:24,0
DA:25,0
DA:26,0
DA:28,0
DA:29,0
DA:30,0
DA:31,0
DA:34,0
DA:35,0
DA:38,0
DA:40,0
DA:41,0
DA:44,0
DA:45,0
DA:47,0
DA:49,0
DA:50,0
DA:56,0
DA:57,0
DA:58,0
DA:60,0
DA:61,0
DA:65,0
DA:80,0
DA:98,0
DA:101,0
DA:115,0
LF:30
LH:0
BRDA:29,0,0,0
BRDA:29,0,1,0
BRDA:45,1,0,0
BRDA:45,1,1,0
BRDA:52,2,0,0
BRDA:52,2,1,0
BRDA:94,3,0,0
BRDA:94,3,1,0
BRDA:128,4,0,0
BRDA:128,4,1,0
BRDA:129,5,0,0
BRDA:129,5,1,0
BRDA:130,6,0,0
BRDA:130,6,1,0
BRDA:144,7,0,0
BRDA:144,7,1,0
BRDA:152,8,0,0
BRDA:152,8,1,0
BRF:18
BRH:0
end_of_record
TN:
SF:src/pages/NewBeerFlavourPage.tsx
FN:21,(anonymous_0)
FN:48,(anonymous_1)
FN:52,(anonymous_2)
FN:86,(anonymous_3)
FNF:4
FNH:0
FNDA:0,(anonymous_0)
FNDA:0,(anonymous_1)
FNDA:0,(anonymous_2)
FNDA:0,(anonymous_3)
DA:21,0
DA:22,0
DA:23,0
DA:24,0
DA:27,0
DA:28,0
DA:31,0
DA:32,0
DA:46,0
DA:48,0
DA:49,0
DA:52,0
DA:53,0
DA:55,0
DA:57,0
DA:58,0
DA:59,0
DA:61,0
DA:62,0
DA:66,0
DA:86,0
LF:21
LH:0
BRDA:31,0,0,0
BRDA:31,0,1,0
BRDA:53,1,0,0
BRDA:53,1,1,0
BRDA:99,2,0,0
BRDA:99,2,1,0
BRDA:107,3,0,0
BRDA:107,3,1,0
BRF:8
BRH:0
end_of_record
TN:
SF:src/pages/NewSubtypePage.tsx
FN:21,(anonymous_0)
FN:48,(anonymous_1)
FN:52,(anonymous_2)
FN:86,(anonymous_3)
FNF:4
FNH:0
FNDA:0,(anonymous_0)
FNDA:0,(anonymous_1)
FNDA:0,(anonymous_2)
FNDA:0,(anonymous_3)
DA:21,0
DA:22,0
DA:23,0
DA:24,0
DA:27,0
DA:28,0
DA:31,0
DA:32,0
DA:46,0
DA:48,0
DA:49,0
DA:52,0
DA:53,0
DA:55,0
DA:57,0
DA:58,0
DA:59,0
DA:61,0
DA:62,0
DA:66,0
DA:86,0
LF:21
LH:0
BRDA:31,0,0,0
BRDA:31,0,1,0
BRDA:53,1,0,0
BRDA:53,1,1,0
BRDA:99,2,0,0
BRDA:99,2,1,0
BRDA:107,3,0,0
BRDA:107,3,1,0
BRF:8
BRH:0
end_of_record
TN:
SF:src/pages/NewVolumePage.tsx
FN:22,(anonymous_0)
FN:52,(anonymous_1)
FN:58,(anonymous_2)
FN:76,(anonymous_3)
FN:86,(anonymous_4)
FN:95,(anonymous_5)
FN:100,(anonymous_6)
FN:144,(anonymous_7)
FNF:8
FNH:0
FNDA:0,(anonymous_0)
FNDA:0,(anonymous_1)
FNDA:0,(anonymous_2)
FNDA:0,(anonymous_3)
FNDA:0,(anonymous_4)
FNDA:0,(anonymous_5)
FNDA:0,(anonymous_6)
FNDA:0,(anonymous_7)
DA:22,0
DA:23,0
DA:24,0
DA:25,0
DA:28,0
DA:29,0
DA:30,0
DA:31,0
DA:34,0
DA:35,0
DA:49,0
DA:52,0
DA:53,0
DA:54,0
DA:58,0
DA:59,0
DA:60,0
DA:61,0
DA:62,0
DA:64,0
DA:65,0
DA:66,0
DA:68,0
DA:69,0
DA:70,0
DA:72,0
DA:73,0
DA:76,0
DA:77,0
DA:78,0
DA:79,0
DA:80,0
DA:82,0
DA:86,0
DA:87,0
DA:95,0
DA:96,0
DA:98,0
DA:100,0
DA:101,0
DA:107,0
DA:108,0
DA:109,0
DA:111,0
DA:112,0
DA:116,0
DA:144,0
LF:47
LH:0
BRDA:34,0,0,0
BRDA:34,0,1,0
BRDA:54,1,0,0
BRDA:54,1,1,0
BRDA:54,1,2,0
BRDA:60,2,0,0
BRDA:60,2,1,0
BRDA:64,3,0,0
BRDA:64,3,1,0
BRDA:68,4,0,0
BRDA:68,4,1,0
BRDA:79,5,0,0
BRDA:79,5,1,0
BRDA:88,6,0,0
BRDA:88,6,1,0
BRDA:88,6,2,0
BRDA:88,6,3,0
BRDA:96,7,0,0
BRDA:96,7,1,0
BRDA:159,8,0,0
BRDA:159,8,1,0
BRDA:176,9,0,0
BRDA:176,9,1,0
BRDA:184,10,0,0
BRDA:184,10,1,0
BRF:25
BRH:0
end_of_record
TN:
SF:src/pages/SuccessPage.tsx
FN:10,(anonymous_0)
FNF:1
FNH:0
FNDA:0,(anonymous_0)
DA:10,0
DA:11,0
DA:12,0
DA:13,0
DA:15,0
DA:17,0
LF:6
LH:0
BRDA:15,0,0,0
BRDA:15,0,1,0
BRF:2
BRH:0
end_of_record
TN:
SF:src/types/api.ts
FN:136,(anonymous_0)
FNF:1
FNH:0
FNDA:0,(anonymous_0)
DA:136,0
DA:137,0
LF:2
LH:0
BRDA:137,0,0,0
BRDA:137,0,1,0
BRDA:137,0,2,0
BRF:3
BRH:0
end_of_record
